#
# There is insufficient memory for the Java Runtime Environment to continue.
# Native memory allocation (mmap) failed to map 65536 bytes for Failed to commit metaspace.
# Possible reasons:
#   The system is out of physical RAM or swap space
#   The process is running with CompressedOops enabled, and the Java Heap may be blocking the growth of the native heap
# Possible solutions:
#   Reduce memory load on the system
#   Increase physical memory or swap space
#   Check if swap backing store is full
#   Decrease Java heap size (-Xmx/-Xms)
#   Decrease number of Java threads
#   Decrease Java thread stack sizes (-Xss)
#   Set larger code cache with -XX:ReservedCodeCacheSize=
#     placed in the first 4GB address space. The Java Heap base address is the
#     maximum limit for the native heap growth. Please use -XX:HeapBaseMinAddress
#     to set the Java Heap base and to place the Java Heap above 4GB virtual address.
# This output file may be truncated or incomplete.
#
#  Out of Memory Error (virtualSpaceNode.cpp:110), pid=19280, tid=12164
#
# JRE version: OpenJDK Runtime Environment Temurin-17.0.5+8 (17.0.5+8) (build 17.0.5+8)
# Java VM: OpenJDK 64-Bit Server VM Temurin-17.0.5+8 (17.0.5+8, mixed mode, emulated-client, tiered, compressed oops, compressed class ptrs, g1 gc, windows-amd64)
# No core dump will be written. Minidumps are not enabled by default on client versions of Windows
#

---------------  S U M M A R Y ------------

Command Line: -Dcom.sun.management.jmxremote -Dcom.sun.management.jmxremote.port=65400 -Dcom.sun.management.jmxremote.authenticate=false -Dcom.sun.management.jmxremote.ssl=false -Djava.rmi.server.hostname=localhost -Dspring.jmx.enabled=true -Dmanagement.endpoints.jmx.exposure.include=* -Dspring.application.admin.enabled=true -XX:TieredStopAtLevel=1 -Dspring.boot.project.name=customer -Dfile.encoding=UTF-8 -XX:+ShowCodeDetailsInExceptionMessages com.recharge.customer.CustomerApplication --spring.output.ansi.enabled=always

Host: Intel(R) Core(TM) i3-5005U CPU @ 2.00GHz, 4 cores, 3G,  Windows 10 , 64 bit Build 19041 (10.0.19041.2364)
Time: Wed Jan 11 13:20:35 2023 India Standard Time elapsed time: 7.973570 seconds (0d 0h 0m 7s)

---------------  T H R E A D  ---------------

Current thread (0x0000022bf091e350):  JavaThread "restartedMain" [_thread_in_vm, id=12164, stack(0x000000f80c600000,0x000000f80c700000)]

Stack: [0x000000f80c600000,0x000000f80c700000]
Native frames: (J=compiled Java code, j=interpreted, Vv=VM code, C=native code)
V  [jvm.dll+0x676b3a]
V  [jvm.dll+0x831444]
V  [jvm.dll+0x832bee]
V  [jvm.dll+0x833253]
V  [jvm.dll+0x244ce5]
V  [jvm.dll+0x82d4db]
V  [jvm.dll+0x61b2f6]
V  [jvm.dll+0x1bfd2e]
V  [jvm.dll+0x61dc41]
V  [jvm.dll+0x61bc96]
V  [jvm.dll+0x62cab9]
V  [jvm.dll+0x625e04]
V  [jvm.dll+0x37edb1]
C  0x0000022be6a9c294

Java frames: (J=compiled Java code, j=interpreted, Vv=VM code)
j  org.springframework.boot.logging.AbstractLoggingSystem.findConfig([Ljava/lang/String;)Ljava/lang/String;+0
j  org.springframework.boot.logging.AbstractLoggingSystem.getSelfInitializationConfig()Ljava/lang/String;+5
j  org.springframework.boot.logging.AbstractLoggingSystem.initializeWithConventions(Lorg/springframework/boot/logging/LoggingInitializationContext;Lorg/springframework/boot/logging/LogFile;)V+1
j  org.springframework.boot.logging.AbstractLoggingSystem.initialize(Lorg/springframework/boot/logging/LoggingInitializationContext;Ljava/lang/String;Lorg/springframework/boot/logging/LogFile;)V+18
j  org.springframework.boot.logging.logback.LogbackLoggingSystem.initialize(Lorg/springframework/boot/logging/LoggingInitializationContext;Ljava/lang/String;Lorg/springframework/boot/logging/LogFile;)V+20
j  org.springframework.boot.context.logging.LoggingApplicationListener.initializeSystem(Lorg/springframework/core/env/ConfigurableEnvironment;Lorg/springframework/boot/logging/LoggingSystem;Lorg/springframework/boot/logging/LogFile;)V+37
j  org.springframework.boot.context.logging.LoggingApplicationListener.initialize(Lorg/springframework/core/env/ConfigurableEnvironment;Ljava/lang/ClassLoader;)V+59
j  org.springframework.boot.context.logging.LoggingApplicationListener.onApplicationEnvironmentPreparedEvent(Lorg/springframework/boot/context/event/ApplicationEnvironmentPreparedEvent;)V+33
j  org.springframework.boot.context.logging.LoggingApplicationListener.onApplicationEvent(Lorg/springframework/context/ApplicationEvent;)V+30
j  org.springframework.context.event.SimpleApplicationEventMulticaster.doInvokeListener(Lorg/springframework/context/ApplicationListener;Lorg/springframework/context/ApplicationEvent;)V+2
j  org.springframework.context.event.SimpleApplicationEventMulticaster.invokeListener(Lorg/springframework/context/ApplicationListener;Lorg/springframework/context/ApplicationEvent;)V+34
j  org.springframework.context.event.SimpleApplicationEventMulticaster.multicastEvent(Lorg/springframework/context/ApplicationEvent;Lorg/springframework/core/ResolvableType;)V+83
j  org.springframework.context.event.SimpleApplicationEventMulticaster.multicastEvent(Lorg/springframework/context/ApplicationEvent;)V+7
j  org.springframework.boot.context.event.EventPublishingRunListener.environmentPrepared(Lorg/springframework/boot/ConfigurableBootstrapContext;Lorg/springframework/core/env/ConfigurableEnvironment;)V+21
j  org.springframework.boot.SpringApplicationRunListeners.lambda$environmentPrepared$2(Lorg/springframework/boot/ConfigurableBootstrapContext;Lorg/springframework/core/env/ConfigurableEnvironment;Lorg/springframework/boot/SpringApplicationRunListener;)V+3
j  org.springframework.boot.SpringApplicationRunListeners$$Lambda$178+0x00000001002181f8.accept(Ljava/lang/Object;)V+12
j  java.util.ArrayList.forEach(Ljava/util/function/Consumer;)V+46 java.base@17.0.5
j  org.springframework.boot.SpringApplicationRunListeners.doWithListeners(Ljava/lang/String;Ljava/util/function/Consumer;Ljava/util/function/Consumer;)V+17
j  org.springframework.boot.SpringApplicationRunListeners.doWithListeners(Ljava/lang/String;Ljava/util/function/Consumer;)V+4
j  org.springframework.boot.SpringApplicationRunListeners.environmentPrepared(Lorg/springframework/boot/ConfigurableBootstrapContext;Lorg/springframework/core/env/ConfigurableEnvironment;)V+10
j  org.springframework.boot.SpringApplication.prepareEnvironment(Lorg/springframework/boot/SpringApplicationRunListeners;Lorg/springframework/boot/DefaultBootstrapContext;Lorg/springframework/boot/ApplicationArguments;)Lorg/springframework/core/env/ConfigurableEnvironment;+27
j  org.springframework.boot.SpringApplication.run([Ljava/lang/String;)Lorg/springframework/context/ConfigurableApplicationContext;+57
j  org.springframework.boot.builder.SpringApplicationBuilder.run([Ljava/lang/String;)Lorg/springframework/context/ConfigurableApplicationContext;+45
j  org.springframework.cloud.bootstrap.BootstrapApplicationListener.bootstrapServiceContext(Lorg/springframework/core/env/ConfigurableEnvironment;Lorg/springframework/boot/SpringApplication;Ljava/lang/String;)Lorg/springframework/context/ConfigurableApplicationContext;+342
j  org.springframework.cloud.bootstrap.BootstrapApplicationListener.onApplicationEvent(Lorg/springframework/boot/context/event/ApplicationEnvironmentPreparedEvent;)V+118
j  org.springframework.cloud.bootstrap.BootstrapApplicationListener.onApplicationEvent(Lorg/springframework/context/ApplicationEvent;)V+5
j  org.springframework.context.event.SimpleApplicationEventMulticaster.doInvokeListener(Lorg/springframework/context/ApplicationListener;Lorg/springframework/context/ApplicationEvent;)V+2
j  org.springframework.context.event.SimpleApplicationEventMulticaster.invokeListener(Lorg/springframework/context/ApplicationListener;Lorg/springframework/context/ApplicationEvent;)V+34
j  org.springframework.context.event.SimpleApplicationEventMulticaster.multicastEvent(Lorg/springframework/context/ApplicationEvent;Lorg/springframework/core/ResolvableType;)V+83
j  org.springframework.context.event.SimpleApplicationEventMulticaster.multicastEvent(Lorg/springframework/context/ApplicationEvent;)V+7
j  org.springframework.boot.context.event.EventPublishingRunListener.environmentPrepared(Lorg/springframework/boot/ConfigurableBootstrapContext;Lorg/springframework/core/env/ConfigurableEnvironment;)V+21
j  org.springframework.boot.SpringApplicationRunListeners.lambda$environmentPrepared$2(Lorg/springframework/boot/ConfigurableBootstrapContext;Lorg/springframework/core/env/ConfigurableEnvironment;Lorg/springframework/boot/SpringApplicationRunListener;)V+3
j  org.springframework.boot.SpringApplicationRunListeners$$Lambda$178+0x00000001002181f8.accept(Ljava/lang/Object;)V+12
j  java.util.ArrayList.forEach(Ljava/util/function/Consumer;)V+46 java.base@17.0.5
j  org.springframework.boot.SpringApplicationRunListeners.doWithListeners(Ljava/lang/String;Ljava/util/function/Consumer;Ljava/util/function/Consumer;)V+17
j  org.springframework.boot.SpringApplicationRunListeners.doWithListeners(Ljava/lang/String;Ljava/util/function/Consumer;)V+4
j  org.springframework.boot.SpringApplicationRunListeners.environmentPrepared(Lorg/springframework/boot/ConfigurableBootstrapContext;Lorg/springframework/core/env/ConfigurableEnvironment;)V+10
j  org.springframework.boot.SpringApplication.prepareEnvironment(Lorg/springframework/boot/SpringApplicationRunListeners;Lorg/springframework/boot/DefaultBootstrapContext;Lorg/springframework/boot/ApplicationArguments;)Lorg/springframework/core/env/ConfigurableEnvironment;+27
j  org.springframework.boot.SpringApplication.run([Ljava/lang/String;)Lorg/springframework/context/ConfigurableApplicationContext;+57
j  org.springframework.boot.SpringApplication.run([Ljava/lang/Class;[Ljava/lang/String;)Lorg/springframework/context/ConfigurableApplicationContext;+9
j  org.springframework.boot.SpringApplication.run(Ljava/lang/Class;[Ljava/lang/String;)Lorg/springframework/context/ConfigurableApplicationContext;+9
j  com.recharge.customer.CustomerApplication.main([Ljava/lang/String;)V+3
v  ~StubRoutines::call_stub
j  jdk.internal.reflect.NativeMethodAccessorImpl.invoke0(Ljava/lang/reflect/Method;Ljava/lang/Object;[Ljava/lang/Object;)Ljava/lang/Object;+0 java.base@17.0.5
j  jdk.internal.reflect.NativeMethodAccessorImpl.invoke(Ljava/lang/Object;[Ljava/lang/Object;)Ljava/lang/Object;+133 java.base@17.0.5
j  jdk.internal.reflect.DelegatingMethodAccessorImpl.invoke(Ljava/lang/Object;[Ljava/lang/Object;)Ljava/lang/Object;+6 java.base@17.0.5
j  java.lang.reflect.Method.invoke(Ljava/lang/Object;[Ljava/lang/Object;)Ljava/lang/Object;+59 java.base@17.0.5
j  org.springframework.boot.devtools.restart.RestartLauncher.run()V+42
v  ~StubRoutines::call_stub

---------------  P R O C E S S  ---------------

Threads class SMR info:
_java_thread_list=0x0000022bf09deb70, length=21, elements={
0x0000022be33e69f0, 0x0000022bee291eb0, 0x0000022bee292970, 0x0000022bee2b1680,
0x0000022bee2b1f40, 0x0000022bee2b2fa0, 0x0000022beed122b0, 0x0000022beed13310,
0x0000022beed143b0, 0x0000022beeedb3b0, 0x0000022beef367e0, 0x0000022bef5d1f70,
0x0000022bef6fa210, 0x0000022bef5c7ad0, 0x0000022bef6e9010, 0x0000022bef6e94e0,
0x0000022bef7ac040, 0x0000022bef7ad520, 0x0000022bef7d9800, 0x0000022bf091de80,
0x0000022bf091e350
}

Java Threads: ( => current thread )
  0x0000022be33e69f0 JavaThread "main" [_thread_blocked, id=18608, stack(0x000000f80a800000,0x000000f80a900000)]
  0x0000022bee291eb0 JavaThread "Reference Handler" daemon [_thread_blocked, id=3384, stack(0x000000f80af00000,0x000000f80b000000)]
  0x0000022bee292970 JavaThread "Finalizer" daemon [_thread_blocked, id=13092, stack(0x000000f80b000000,0x000000f80b100000)]
  0x0000022bee2b1680 JavaThread "Signal Dispatcher" daemon [_thread_blocked, id=16680, stack(0x000000f80b100000,0x000000f80b200000)]
  0x0000022bee2b1f40 JavaThread "Attach Listener" daemon [_thread_blocked, id=16896, stack(0x000000f80b200000,0x000000f80b300000)]
  0x0000022bee2b2fa0 JavaThread "Service Thread" daemon [_thread_blocked, id=15584, stack(0x000000f80b300000,0x000000f80b400000)]
  0x0000022beed122b0 JavaThread "Monitor Deflation Thread" daemon [_thread_blocked, id=14108, stack(0x000000f80b400000,0x000000f80b500000)]
  0x0000022beed13310 JavaThread "C1 CompilerThread0" daemon [_thread_blocked, id=13976, stack(0x000000f80b500000,0x000000f80b600000)]
  0x0000022beed143b0 JavaThread "Sweeper thread" daemon [_thread_blocked, id=16892, stack(0x000000f80b600000,0x000000f80b700000)]
  0x0000022beeedb3b0 JavaThread "Common-Cleaner" daemon [_thread_blocked, id=19172, stack(0x000000f80b700000,0x000000f80b800000)]
  0x0000022beef367e0 JavaThread "Notification Thread" daemon [_thread_blocked, id=18952, stack(0x000000f80b800000,0x000000f80b900000)]
  0x0000022bef5d1f70 JavaThread "C1 CompilerThread1" daemon [_thread_blocked, id=13756, stack(0x000000f80b900000,0x000000f80ba00000)]
  0x0000022bef6fa210 JavaThread "RMI TCP Accept-0" daemon [_thread_in_native, id=6392, stack(0x000000f80bd00000,0x000000f80be00000)]
  0x0000022bef5c7ad0 JavaThread "RMI TCP Accept-65400" daemon [_thread_in_native, id=9268, stack(0x000000f80be00000,0x000000f80bf00000)]
  0x0000022bef6e9010 JavaThread "RMI TCP Accept-0" daemon [_thread_in_native, id=12384, stack(0x000000f80bf00000,0x000000f80c000000)]
  0x0000022bef6e94e0 JavaThread "RMI TCP Connection(1)-127.0.0.1" daemon [_thread_in_native, id=18028, stack(0x000000f80c100000,0x000000f80c200000)]
  0x0000022bef7ac040 JavaThread "RMI Scheduler(0)" daemon [_thread_blocked, id=9184, stack(0x000000f80c200000,0x000000f80c300000)]
  0x0000022bef7ad520 JavaThread "RMI TCP Connection(2)-127.0.0.1" daemon [_thread_in_native, id=15700, stack(0x000000f80c300000,0x000000f80c400000)]
  0x0000022bef7d9800 JavaThread "JMX server connection timeout 21" daemon [_thread_blocked, id=876, stack(0x000000f80c400000,0x000000f80c500000)]
  0x0000022bf091de80 JavaThread "Thread-0" [_thread_blocked, id=6024, stack(0x000000f80c500000,0x000000f80c600000)]
=>0x0000022bf091e350 JavaThread "restartedMain" [_thread_in_vm, id=12164, stack(0x000000f80c600000,0x000000f80c700000)]

Other Threads:
  0x0000022bee28c4c0 VMThread "VM Thread" [stack: 0x000000f80ae00000,0x000000f80af00000] [id=10400]
  0x0000022be33e78b0 WatcherThread [stack: 0x000000f80c000000,0x000000f80c100000] [id=18692]
  0x0000022be3423950 GCTaskThread "GC Thread#0" [stack: 0x000000f80a900000,0x000000f80aa00000] [id=17340]
  0x0000022bef65f550 GCTaskThread "GC Thread#1" [stack: 0x000000f80ba00000,0x000000f80bb00000] [id=5356]
  0x0000022bef66e810 GCTaskThread "GC Thread#2" [stack: 0x000000f80bb00000,0x000000f80bc00000] [id=18944]
  0x0000022bef66eac0 GCTaskThread "GC Thread#3" [stack: 0x000000f80bc00000,0x000000f80bd00000] [id=14300]
  0x0000022be342c520 ConcurrentGCThread "G1 Main Marker" [stack: 0x000000f80aa00000,0x000000f80ab00000] [id=17892]
  0x0000022be342e730 ConcurrentGCThread "G1 Conc#0" [stack: 0x000000f80ab00000,0x000000f80ac00000] [id=19132]
  0x0000022be347c1c0 ConcurrentGCThread "G1 Refine#0" [stack: 0x000000f80ac00000,0x000000f80ad00000] [id=17776]
  0x0000022be347caf0 ConcurrentGCThread "G1 Service" [stack: 0x000000f80ad00000,0x000000f80ae00000] [id=8764]

Threads with active compile tasks:

VM state: not at safepoint (normal execution)

VM Mutex/Monitor currently owned by a thread:  ([mutex/lock_event])
[0x0000022be33df5a0] Metaspace_lock - owner thread: 0x0000022bf091e350

Heap address: 0x00000000c1400000, size: 1004 MB, Compressed Oops mode: 32-bit

CDS archive(s) not mapped
Compressed class space mapped at: 0x0000000100000000-0x0000000140000000, reserved size: 1073741824
Narrow klass base: 0x0000000000000000, Narrow klass shift: 3, Narrow klass range: 0x140000000

GC Precious Log:
 CPUs: 4 total, 4 available
 Memory: 4010M
 Large Page Support: Disabled
 NUMA Support: Disabled
 Compressed Oops: Enabled (32-bit)
 Heap Region Size: 1M
 Heap Min Capacity: 8M
 Heap Initial Capacity: 64M
 Heap Max Capacity: 1004M
 Pre-touch: Disabled
 Parallel Workers: 4
 Concurrent Workers: 1
 Concurrent Refinement Workers: 4
 Periodic GC: Disabled

Heap:
 garbage-first heap   total 65536K, used 20001K [0x00000000c1400000, 0x0000000100000000)
  region size 1024K, 11 young (11264K), 1 survivors (1024K)
 Metaspace       used 19561K, committed 19840K, reserved 1073152K
  class space    used 2224K, committed 2368K, reserved 1048576K

Heap Regions: E=young(eden), S=young(survivor), O=old, HS=humongous(starts), HC=humongous(continues), CS=collection set, F=free, OA=open archive, CA=closed archive, TAMS=top-at-mark-start (previous, next)
|   0|0x00000000c1400000, 0x00000000c1500000, 0x00000000c1500000|100%|HS|  |TAMS 0x00000000c1400000, 0x00000000c1400000| Complete 
|   1|0x00000000c1500000, 0x00000000c1600000, 0x00000000c1600000|100%| O|  |TAMS 0x00000000c1500000, 0x00000000c1500000| Untracked 
|   2|0x00000000c1600000, 0x00000000c1700000, 0x00000000c1700000|100%| O|  |TAMS 0x00000000c1600000, 0x00000000c1600000| Untracked 
|   3|0x00000000c1700000, 0x00000000c1800000, 0x00000000c1800000|100%| O|  |TAMS 0x00000000c1700000, 0x00000000c1700000| Untracked 
|   4|0x00000000c1800000, 0x00000000c1900000, 0x00000000c1900000|100%| O|  |TAMS 0x00000000c1800000, 0x00000000c1800000| Untracked 
|   5|0x00000000c1900000, 0x00000000c1a00000, 0x00000000c1a00000|100%| O|  |TAMS 0x00000000c1900000, 0x00000000c1900000| Untracked 
|   6|0x00000000c1a00000, 0x00000000c1b00000, 0x00000000c1b00000|100%| O|  |TAMS 0x00000000c1a00000, 0x00000000c1a00000| Untracked 
|   7|0x00000000c1b00000, 0x00000000c1c00000, 0x00000000c1c00000|100%| O|  |TAMS 0x00000000c1b00000, 0x00000000c1b00000| Untracked 
|   8|0x00000000c1c00000, 0x00000000c1d00000, 0x00000000c1d00000|100%| O|  |TAMS 0x00000000c1c00000, 0x00000000c1c00000| Untracked 
|   9|0x00000000c1d00000, 0x00000000c1d8e400, 0x00000000c1e00000| 55%| O|  |TAMS 0x00000000c1d00000, 0x00000000c1d00000| Untracked 
|  10|0x00000000c1e00000, 0x00000000c1e00000, 0x00000000c1f00000|  0%| F|  |TAMS 0x00000000c1e00000, 0x00000000c1e00000| Untracked 
|  11|0x00000000c1f00000, 0x00000000c1f00000, 0x00000000c2000000|  0%| F|  |TAMS 0x00000000c1f00000, 0x00000000c1f00000| Untracked 
|  12|0x00000000c2000000, 0x00000000c2000000, 0x00000000c2100000|  0%| F|  |TAMS 0x00000000c2000000, 0x00000000c2000000| Untracked 
|  13|0x00000000c2100000, 0x00000000c2100000, 0x00000000c2200000|  0%| F|  |TAMS 0x00000000c2100000, 0x00000000c2100000| Untracked 
|  14|0x00000000c2200000, 0x00000000c2200000, 0x00000000c2300000|  0%| F|  |TAMS 0x00000000c2200000, 0x00000000c2200000| Untracked 
|  15|0x00000000c2300000, 0x00000000c2300000, 0x00000000c2400000|  0%| F|  |TAMS 0x00000000c2300000, 0x00000000c2300000| Untracked 
|  16|0x00000000c2400000, 0x00000000c2400000, 0x00000000c2500000|  0%| F|  |TAMS 0x00000000c2400000, 0x00000000c2400000| Untracked 
|  17|0x00000000c2500000, 0x00000000c2500000, 0x00000000c2600000|  0%| F|  |TAMS 0x00000000c2500000, 0x00000000c2500000| Untracked 
|  18|0x00000000c2600000, 0x00000000c2600000, 0x00000000c2700000|  0%| F|  |TAMS 0x00000000c2600000, 0x00000000c2600000| Untracked 
|  19|0x00000000c2700000, 0x00000000c2700000, 0x00000000c2800000|  0%| F|  |TAMS 0x00000000c2700000, 0x00000000c2700000| Untracked 
|  20|0x00000000c2800000, 0x00000000c2800000, 0x00000000c2900000|  0%| F|  |TAMS 0x00000000c2800000, 0x00000000c2800000| Untracked 
|  21|0x00000000c2900000, 0x00000000c2900000, 0x00000000c2a00000|  0%| F|  |TAMS 0x00000000c2900000, 0x00000000c2900000| Untracked 
|  22|0x00000000c2a00000, 0x00000000c2a00000, 0x00000000c2b00000|  0%| F|  |TAMS 0x00000000c2a00000, 0x00000000c2a00000| Untracked 
|  23|0x00000000c2b00000, 0x00000000c2b00000, 0x00000000c2c00000|  0%| F|  |TAMS 0x00000000c2b00000, 0x00000000c2b00000| Untracked 
|  24|0x00000000c2c00000, 0x00000000c2c00000, 0x00000000c2d00000|  0%| F|  |TAMS 0x00000000c2c00000, 0x00000000c2c00000| Untracked 
|  25|0x00000000c2d00000, 0x00000000c2d00000, 0x00000000c2e00000|  0%| F|  |TAMS 0x00000000c2d00000, 0x00000000c2d00000| Untracked 
|  26|0x00000000c2e00000, 0x00000000c2e00000, 0x00000000c2f00000|  0%| F|  |TAMS 0x00000000c2e00000, 0x00000000c2e00000| Untracked 
|  27|0x00000000c2f00000, 0x00000000c2f00000, 0x00000000c3000000|  0%| F|  |TAMS 0x00000000c2f00000, 0x00000000c2f00000| Untracked 
|  28|0x00000000c3000000, 0x00000000c3000000, 0x00000000c3100000|  0%| F|  |TAMS 0x00000000c3000000, 0x00000000c3000000| Untracked 
|  29|0x00000000c3100000, 0x00000000c3100000, 0x00000000c3200000|  0%| F|  |TAMS 0x00000000c3100000, 0x00000000c3100000| Untracked 
|  30|0x00000000c3200000, 0x00000000c3200000, 0x00000000c3300000|  0%| F|  |TAMS 0x00000000c3200000, 0x00000000c3200000| Untracked 
|  31|0x00000000c3300000, 0x00000000c3300000, 0x00000000c3400000|  0%| F|  |TAMS 0x00000000c3300000, 0x00000000c3300000| Untracked 
|  32|0x00000000c3400000, 0x00000000c3400000, 0x00000000c3500000|  0%| F|  |TAMS 0x00000000c3400000, 0x00000000c3400000| Untracked 
|  33|0x00000000c3500000, 0x00000000c3500000, 0x00000000c3600000|  0%| F|  |TAMS 0x00000000c3500000, 0x00000000c3500000| Untracked 
|  34|0x00000000c3600000, 0x00000000c3600000, 0x00000000c3700000|  0%| F|  |TAMS 0x00000000c3600000, 0x00000000c3600000| Untracked 
|  35|0x00000000c3700000, 0x00000000c3700000, 0x00000000c3800000|  0%| F|  |TAMS 0x00000000c3700000, 0x00000000c3700000| Untracked 
|  36|0x00000000c3800000, 0x00000000c3800000, 0x00000000c3900000|  0%| F|  |TAMS 0x00000000c3800000, 0x00000000c3800000| Untracked 
|  37|0x00000000c3900000, 0x00000000c3900000, 0x00000000c3a00000|  0%| F|  |TAMS 0x00000000c3900000, 0x00000000c3900000| Untracked 
|  38|0x00000000c3a00000, 0x00000000c3a00000, 0x00000000c3b00000|  0%| F|  |TAMS 0x00000000c3a00000, 0x00000000c3a00000| Untracked 
|  39|0x00000000c3b00000, 0x00000000c3b00000, 0x00000000c3c00000|  0%| F|  |TAMS 0x00000000c3b00000, 0x00000000c3b00000| Untracked 
|  40|0x00000000c3c00000, 0x00000000c3c00000, 0x00000000c3d00000|  0%| F|  |TAMS 0x00000000c3c00000, 0x00000000c3c00000| Untracked 
|  41|0x00000000c3d00000, 0x00000000c3d00000, 0x00000000c3e00000|  0%| F|  |TAMS 0x00000000c3d00000, 0x00000000c3d00000| Untracked 
|  42|0x00000000c3e00000, 0x00000000c3e00000, 0x00000000c3f00000|  0%| F|  |TAMS 0x00000000c3e00000, 0x00000000c3e00000| Untracked 
|  43|0x00000000c3f00000, 0x00000000c3ffa398, 0x00000000c4000000| 97%| S|CS|TAMS 0x00000000c3f00000, 0x00000000c3f00000| Complete 
|  44|0x00000000c4000000, 0x00000000c4000000, 0x00000000c4100000|  0%| F|  |TAMS 0x00000000c4000000, 0x00000000c4000000| Untracked 
|  45|0x00000000c4100000, 0x00000000c4100000, 0x00000000c4200000|  0%| F|  |TAMS 0x00000000c4100000, 0x00000000c4100000| Untracked 
|  46|0x00000000c4200000, 0x00000000c4200000, 0x00000000c4300000|  0%| F|  |TAMS 0x00000000c4200000, 0x00000000c4200000| Untracked 
|  47|0x00000000c4300000, 0x00000000c4300000, 0x00000000c4400000|  0%| F|  |TAMS 0x00000000c4300000, 0x00000000c4300000| Untracked 
|  48|0x00000000c4400000, 0x00000000c4400000, 0x00000000c4500000|  0%| F|  |TAMS 0x00000000c4400000, 0x00000000c4400000| Untracked 
|  49|0x00000000c4500000, 0x00000000c4500000, 0x00000000c4600000|  0%| F|  |TAMS 0x00000000c4500000, 0x00000000c4500000| Untracked 
|  50|0x00000000c4600000, 0x00000000c4600000, 0x00000000c4700000|  0%| F|  |TAMS 0x00000000c4600000, 0x00000000c4600000| Untracked 
|  51|0x00000000c4700000, 0x00000000c4700000, 0x00000000c4800000|  0%| F|  |TAMS 0x00000000c4700000, 0x00000000c4700000| Untracked 
|  52|0x00000000c4800000, 0x00000000c4800000, 0x00000000c4900000|  0%| F|  |TAMS 0x00000000c4800000, 0x00000000c4800000| Untracked 
|  53|0x00000000c4900000, 0x00000000c4900000, 0x00000000c4a00000|  0%| F|  |TAMS 0x00000000c4900000, 0x00000000c4900000| Untracked 
|  54|0x00000000c4a00000, 0x00000000c4aed820, 0x00000000c4b00000| 92%| E|  |TAMS 0x00000000c4a00000, 0x00000000c4a00000| Complete 
|  55|0x00000000c4b00000, 0x00000000c4c00000, 0x00000000c4c00000|100%| E|CS|TAMS 0x00000000c4b00000, 0x00000000c4b00000| Complete 
|  56|0x00000000c4c00000, 0x00000000c4d00000, 0x00000000c4d00000|100%| E|CS|TAMS 0x00000000c4c00000, 0x00000000c4c00000| Complete 
|  57|0x00000000c4d00000, 0x00000000c4e00000, 0x00000000c4e00000|100%| E|CS|TAMS 0x00000000c4d00000, 0x00000000c4d00000| Complete 
|  58|0x00000000c4e00000, 0x00000000c4f00000, 0x00000000c4f00000|100%| E|CS|TAMS 0x00000000c4e00000, 0x00000000c4e00000| Complete 
|  59|0x00000000c4f00000, 0x00000000c5000000, 0x00000000c5000000|100%| E|CS|TAMS 0x00000000c4f00000, 0x00000000c4f00000| Complete 
|  60|0x00000000c5000000, 0x00000000c5100000, 0x00000000c5100000|100%| E|CS|TAMS 0x00000000c5000000, 0x00000000c5000000| Complete 
|  61|0x00000000c5100000, 0x00000000c5200000, 0x00000000c5200000|100%| E|CS|TAMS 0x00000000c5100000, 0x00000000c5100000| Complete 
|  62|0x00000000c5200000, 0x00000000c5300000, 0x00000000c5300000|100%| E|CS|TAMS 0x00000000c5200000, 0x00000000c5200000| Complete 
|  63|0x00000000c5300000, 0x00000000c5400000, 0x00000000c5400000|100%| E|CS|TAMS 0x00000000c5300000, 0x00000000c5300000| Complete 

Card table byte_map: [0x0000022be9a90000,0x0000022be9c90000] _byte_map_base: 0x0000022be9486000

Marking Bits (Prev, Next): (CMBitMap*) 0x0000022be3423e70, (CMBitMap*) 0x0000022be3423eb0
 Prev Bits: [0x0000022be9e90000, 0x0000022beae40000)
 Next Bits: [0x0000022beae40000, 0x0000022bebdf0000)

Polling page: 0x0000022be1270000

Metaspace:

Usage:
  Non-class:     16.93 MB used.
      Class:      2.17 MB used.
       Both:     19.10 MB used.

Virtual space:
  Non-class space:       24.00 MB reserved,      17.06 MB ( 71%) committed,  3 nodes.
      Class space:        1.00 GB reserved,       2.31 MB ( <1%) committed,  1 nodes.
             Both:        1.02 GB reserved,      19.38 MB (  2%) committed. 

Chunk freelists:
   Non-Class:  2.73 MB
       Class:  1.67 MB
        Both:  4.40 MB

MaxMetaspaceSize: unlimited
CompressedClassSpaceSize: 1.00 GB
Initial GC threshold: 21.00 MB
Current GC threshold: 21.00 MB
CDS: off
MetaspaceReclaimPolicy: balanced
 - commit_granule_bytes: 65536.
 - commit_granule_words: 8192.
 - virtual_space_node_default_size: 1048576.
 - enlarge_chunks_in_place: 1.
 - new_chunks_are_fully_committed: 0.
 - uncommit_free_chunks: 1.
 - use_allocation_guard: 0.
 - handle_deallocations: 1.


Internal statistics:

num_allocs_failed_limit: 0.
num_arena_births: 252.
num_arena_deaths: 0.
num_vsnodes_births: 4.
num_vsnodes_deaths: 0.
num_space_committed: 310.
num_space_uncommitted: 0.
num_chunks_returned_to_freelist: 0.
num_chunks_taken_from_freelist: 554.
num_chunk_merges: 0.
num_chunk_splits: 325.
num_chunks_enlarged: 197.
num_purges: 0.
num_inconsistent_stats: 0.

CodeCache: size=49152Kb used=4892Kb max_used=4892Kb free=44259Kb
 bounds [0x0000022be6a90000, 0x0000022be6f60000, 0x0000022be9a90000]
 total_blobs=2597 nmethods=2131 adapters=392
 compilation: enabled
              stopped_count=0, restarted_count=0
 full_count=0

Compilation events (20 events):
Event: 7.890 Thread 0x0000022beed13310 nmethod 2122 0x0000022be6f53190 code [0x0000022be6f53320, 0x0000022be6f53408]
Event: 7.891 Thread 0x0000022bef5d1f70 nmethod 2120 0x0000022be6f53490 code [0x0000022be6f536c0, 0x0000022be6f53c18]
Event: 7.891 Thread 0x0000022bef5d1f70 2123       1       org.springframework.boot.context.properties.source.SystemEnvironmentPropertyMapper::convertLegacyNameElement (15 bytes)
Event: 7.891 Thread 0x0000022beed13310 2124       1       java.util.HashMap$KeySet::toArray (16 bytes)
Event: 7.891 Thread 0x0000022beed13310 nmethod 2124 0x0000022be6f53f10 code [0x0000022be6f540c0, 0x0000022be6f541d8]
Event: 7.891 Thread 0x0000022bef5d1f70 nmethod 2123 0x0000022be6f54290 code [0x0000022be6f54440, 0x0000022be6f545e8]
Event: 7.892 Thread 0x0000022bef5d1f70 2125       1       org.apache.commons.logging.LogAdapter$Slf4jLog::isDebugEnabled (10 bytes)
Event: 7.892 Thread 0x0000022beed13310 2126       1       ch.qos.logback.classic.Logger::isDebugEnabled (6 bytes)
Event: 7.892 Thread 0x0000022beed13310 nmethod 2126 0x0000022be6f54710 code [0x0000022be6f548a0, 0x0000022be6f54988]
Event: 7.892 Thread 0x0000022beed13310 2127       1       ch.qos.logback.classic.Logger::isDebugEnabled (77 bytes)
Event: 7.892 Thread 0x0000022bef5d1f70 nmethod 2125 0x0000022be6f54a10 code [0x0000022be6f54ba0, 0x0000022be6f54cc8]
Event: 7.892 Thread 0x0000022bef5d1f70 2128       1       org.springframework.core.env.SystemEnvironmentPropertySource::getProperty (86 bytes)
Event: 7.893 Thread 0x0000022beed13310 nmethod 2127 0x0000022be6f54d90 code [0x0000022be6f54fc0, 0x0000022be6f55518]
Event: 7.893 Thread 0x0000022bef5d1f70 nmethod 2128 0x0000022be6f55810 code [0x0000022be6f55a80, 0x0000022be6f55fc8]
Event: 7.893 Thread 0x0000022beed13310 2129       1       org.springframework.core.env.SystemEnvironmentPropertySource::resolvePropertyName (45 bytes)
Event: 7.893 Thread 0x0000022bef5d1f70 2130       1       java.lang.String::toUpperCase (8 bytes)
Event: 7.893 Thread 0x0000022bef5d1f70 nmethod 2130 0x0000022be6f56310 code [0x0000022be6f564c0, 0x0000022be6f56618]
Event: 7.893 Thread 0x0000022bef5d1f70 2131       1       java.lang.ProcessEnvironment::get (6 bytes)
Event: 7.894 Thread 0x0000022beed13310 nmethod 2129 0x0000022be6f56710 code [0x0000022be6f56900, 0x0000022be6f56bf8]
Event: 7.894 Thread 0x0000022bef5d1f70 nmethod 2131 0x0000022be6f56d90 code [0x0000022be6f56f40, 0x0000022be6f57138]

GC Heap History (6 events):
Event: 3.302 GC heap before
{Heap before GC invocations=0 (full 0):
 garbage-first heap   total 65536K, used 13312K [0x00000000c1400000, 0x0000000100000000)
  region size 1024K, 13 young (13312K), 0 survivors (0K)
 Metaspace       used 10563K, committed 10752K, reserved 1064960K
  class space    used 1040K, committed 1152K, reserved 1048576K
}
Event: 3.322 GC heap after
{Heap after GC invocations=1 (full 0):
 garbage-first heap   total 65536K, used 8033K [0x00000000c1400000, 0x0000000100000000)
  region size 1024K, 2 young (2048K), 2 survivors (2048K)
 Metaspace       used 10563K, committed 10752K, reserved 1064960K
  class space    used 1040K, committed 1152K, reserved 1048576K
}
Event: 5.215 GC heap before
{Heap before GC invocations=1 (full 0):
 garbage-first heap   total 65536K, used 16225K [0x00000000c1400000, 0x0000000100000000)
  region size 1024K, 10 young (10240K), 2 survivors (2048K)
 Metaspace       used 14743K, committed 14976K, reserved 1064960K
  class space    used 1545K, committed 1664K, reserved 1048576K
}
Event: 5.227 GC heap after
{Heap after GC invocations=2 (full 0):
 garbage-first heap   total 65536K, used 9925K [0x00000000c1400000, 0x0000000100000000)
  region size 1024K, 2 young (2048K), 2 survivors (2048K)
 Metaspace       used 14743K, committed 14976K, reserved 1064960K
  class space    used 1545K, committed 1664K, reserved 1048576K
}
Event: 6.424 GC heap before
{Heap before GC invocations=2 (full 0):
 garbage-first heap   total 65536K, used 27333K [0x00000000c1400000, 0x0000000100000000)
  region size 1024K, 20 young (20480K), 2 survivors (2048K)
 Metaspace       used 17764K, committed 18048K, reserved 1073152K
  class space    used 1930K, committed 2048K, reserved 1048576K
}
Event: 6.431 GC heap after
{Heap after GC invocations=3 (full 0):
 garbage-first heap   total 65536K, used 10785K [0x00000000c1400000, 0x0000000100000000)
  region size 1024K, 1 young (1024K), 1 survivors (1024K)
 Metaspace       used 17764K, committed 18048K, reserved 1073152K
  class space    used 1930K, committed 2048K, reserved 1048576K
}

Dll operation events (8 events):
Event: 0.077 Loaded shared library C:\Users\Prof. S P Sarmah\Downloads\sts-4.17.1.RELEASE\plugins\org.eclipse.justj.openjdk.hotspot.jre.full.win32.x86_64_17.0.5.v20221102-0933\jre\bin\java.dll
Event: 1.381 Loaded shared library C:\Users\Prof. S P Sarmah\Downloads\sts-4.17.1.RELEASE\plugins\org.eclipse.justj.openjdk.hotspot.jre.full.win32.x86_64_17.0.5.v20221102-0933\jre\bin\jimage.dll
Event: 1.470 Loaded shared library C:\Users\Prof. S P Sarmah\Downloads\sts-4.17.1.RELEASE\plugins\org.eclipse.justj.openjdk.hotspot.jre.full.win32.x86_64_17.0.5.v20221102-0933\jre\bin\net.dll
Event: 1.485 Loaded shared library C:\Users\Prof. S P Sarmah\Downloads\sts-4.17.1.RELEASE\plugins\org.eclipse.justj.openjdk.hotspot.jre.full.win32.x86_64_17.0.5.v20221102-0933\jre\bin\nio.dll
Event: 1.511 Loaded shared library C:\Users\Prof. S P Sarmah\Downloads\sts-4.17.1.RELEASE\plugins\org.eclipse.justj.openjdk.hotspot.jre.full.win32.x86_64_17.0.5.v20221102-0933\jre\bin\zip.dll
Event: 2.532 Loaded shared library C:\Users\Prof. S P Sarmah\Downloads\sts-4.17.1.RELEASE\plugins\org.eclipse.justj.openjdk.hotspot.jre.full.win32.x86_64_17.0.5.v20221102-0933\jre\bin\management.dll
Event: 2.606 Loaded shared library C:\Users\Prof. S P Sarmah\Downloads\sts-4.17.1.RELEASE\plugins\org.eclipse.justj.openjdk.hotspot.jre.full.win32.x86_64_17.0.5.v20221102-0933\jre\bin\management_ext.dll
Event: 4.237 Loaded shared library C:\Users\Prof. S P Sarmah\Downloads\sts-4.17.1.RELEASE\plugins\org.eclipse.justj.openjdk.hotspot.jre.full.win32.x86_64_17.0.5.v20221102-0933\jre\bin\verify.dll

Deoptimization events (2 events):
Event: 4.444 Thread 0x0000022be33e69f0 DEOPT PACKING pc=0x0000022be6c23c5d sp=0x000000f80a8fbed0
Event: 4.444 Thread 0x0000022be33e69f0 DEOPT UNPACKING pc=0x0000022be6ae2b43 sp=0x000000f80a8fb438 mode 3

Classes unloaded (0 events):
No events

Classes redefined (0 events):
No events

Internal exceptions (20 events):
Event: 6.715 Thread 0x0000022bf091e350 Exception <a 'java/lang/IncompatibleClassChangeError'{0x00000000c513a9e8}: Found class java.lang.Object, but interface was expected> (0x00000000c513a9e8) 
thrown [s\src\hotspot\share\interpreter\linkResolver.cpp, line 826]
Event: 6.735 Thread 0x0000022bef7ad520 Exception <a 'java/lang/reflect/InvocationTargetException'{0x00000000c518c4c8}> (0x00000000c518c4c8) 
thrown [s\src\hotspot\share\runtime\reflection.cpp, line 1121]
Event: 6.852 Thread 0x0000022bf091e350 Exception <a 'java/lang/NoSuchMethodError'{0x00000000c4f28e00}: 'java.lang.Object java.lang.invoke.DirectMethodHandle$Holder.newInvokeSpecial(java.lang.Object, java.lang.Object, java.lang.Object, java.lang.Object, java.lang.Object, java.lang.Object)'> (0x00000000c4f28e00) 
thrown [s\src\hotspot\share\interpreter\linkResolver.cpp, line 759]
Event: 6.866 Thread 0x0000022bf091e350 Exception <a 'java/lang/NoSuchMethodError'{0x00000000c4f47bb8}: 'java.lang.Object java.lang.invoke.DirectMethodHandle$Holder.invokeStatic(java.lang.Object, java.lang.Object, int)'> (0x00000000c4f47bb8) 
thrown [s\src\hotspot\share\interpreter\linkResolver.cpp, line 759]
Event: 6.868 Thread 0x0000022bf091e350 Exception <a 'java/lang/NoSuchMethodError'{0x00000000c4f53960}: 'void java.lang.invoke.DelegatingMethodHandle$Holder.delegate(java.lang.Object, java.lang.Object, int, java.lang.Object)'> (0x00000000c4f53960) 
thrown [s\src\hotspot\share\interpreter\linkResolver.cpp, line 759]
Event: 7.243 Thread 0x0000022bef7ad520 Exception <a 'java/lang/reflect/InvocationTargetException'{0x00000000c518fdf8}> (0x00000000c518fdf8) 
thrown [s\src\hotspot\share\runtime\reflection.cpp, line 1121]
Event: 7.639 Thread 0x0000022bf091e350 Exception <a 'java/lang/NoSuchMethodError'{0x00000000c4c17b08}: 'java.lang.Object java.lang.invoke.DirectMethodHandle$Holder.invokeSpecial(java.lang.Object, java.lang.Object, java.lang.Object, java.lang.Object, java.lang.Object, java.lang.Object, int)'> (0x00000000c4c17b08) 
thrown [s\src\hotspot\share\interpreter\linkResolver.cpp, line 759]
Event: 7.640 Thread 0x0000022bf091e350 Exception <a 'java/lang/NoSuchMethodError'{0x00000000c4c22068}: 'java.lang.Object java.lang.invoke.DirectMethodHandle$Holder.newInvokeSpecial(java.lang.Object, java.lang.Object, java.lang.Object, java.lang.Object, java.lang.Object, java.lang.Object, int)'> (0x00000000c4c22068) 
thrown [s\src\hotspot\share\interpreter\linkResolver.cpp, line 759]
Event: 7.641 Thread 0x0000022bf091e350 Exception <a 'java/lang/NoSuchMethodError'{0x00000000c4c270c0}: 'java.lang.Object java.lang.invoke.DirectMethodHandle$Holder.invokeSpecial(java.lang.Object, java.lang.Object, java.lang.Object, java.lang.Object, java.lang.Object, java.lang.Object, java.lang.Object, int)'> (0x00000000c4c270c0) 
thrown [s\src\hotspot\share\interpreter\linkResolver.cpp, line 759]
Event: 7.720 Thread 0x0000022bf091e350 Exception <a 'java/lang/NoSuchMethodError'{0x00000000c4cf3070}: 'java.lang.Object java.lang.invoke.DirectMethodHandle$Holder.invokeSpecial(java.lang.Object, java.lang.Object, java.lang.Object, java.lang.Object, int)'> (0x00000000c4cf3070) 
thrown [s\src\hotspot\share\interpreter\linkResolver.cpp, line 759]
Event: 7.721 Thread 0x0000022bf091e350 Exception <a 'java/lang/NoSuchMethodError'{0x00000000c4cfb548}: 'java.lang.Object java.lang.invoke.DirectMethodHandle$Holder.newInvokeSpecial(java.lang.Object, java.lang.Object, java.lang.Object, java.lang.Object, int)'> (0x00000000c4cfb548) 
thrown [s\src\hotspot\share\interpreter\linkResolver.cpp, line 759]
Event: 7.722 Thread 0x0000022bf091e350 Exception <a 'java/lang/NoSuchMethodError'{0x00000000c4cffa30}: 'java.lang.Object java.lang.invoke.DirectMethodHandle$Holder.invokeSpecial(java.lang.Object, java.lang.Object, java.lang.Object, java.lang.Object, java.lang.Object, int)'> (0x00000000c4cffa30) 
thrown [s\src\hotspot\share\interpreter\linkResolver.cpp, line 759]
Event: 7.722 Thread 0x0000022bf091e350 Exception <a 'java/lang/NoSuchMethodError'{0x00000000c4b03ab0}: 'java.lang.Object java.lang.invoke.Invokers$Holder.linkToTargetMethod(java.lang.Object, java.lang.Object, java.lang.Object, int, java.lang.Object)'> (0x00000000c4b03ab0) 
thrown [s\src\hotspot\share\interpreter\linkResolver.cpp, line 759]
Event: 7.726 Thread 0x0000022bf091e350 Exception <a 'java/lang/NoSuchMethodError'{0x00000000c4b18190}: 'java.lang.Object java.lang.invoke.DirectMethodHandle$Holder.newInvokeSpecial(java.lang.Object, int, java.lang.Object)'> (0x00000000c4b18190) 
thrown [s\src\hotspot\share\interpreter\linkResolver.cpp, line 759]
Event: 7.727 Thread 0x0000022bf091e350 Exception <a 'java/lang/NoSuchMethodError'{0x00000000c4b1c1f8}: 'int java.lang.invoke.DirectMethodHandle$Holder.invokeSpecialIFC(java.lang.Object, java.lang.Object, java.lang.Object, java.lang.Object)'> (0x00000000c4b1c1f8) 
thrown [s\src\hotspot\share\interpreter\linkResolver.cpp, line 759]
Event: 7.748 Thread 0x0000022bef7ad520 Exception <a 'java/lang/reflect/InvocationTargetException'{0x00000000c5193508}> (0x00000000c5193508) 
thrown [s\src\hotspot\share\runtime\reflection.cpp, line 1121]
Event: 7.764 Thread 0x0000022bf091e350 Exception <a 'java/lang/NoSuchMethodError'{0x00000000c4bb36e0}: 'java.lang.Object java.lang.invoke.DirectMethodHandle$Holder.invokeInterface(java.lang.Object, java.lang.Object)'> (0x00000000c4bb36e0) 
thrown [s\src\hotspot\share\interpreter\linkResolver.cpp, line 759]
Event: 7.871 Thread 0x0000022bf091e350 Exception <a 'java/lang/NoSuchMethodError'{0x00000000c4a7fb78}: 'void java.lang.invoke.DirectMethodHandle$Holder.invokeStatic(java.lang.Object, java.lang.Object, int)'> (0x00000000c4a7fb78) 
thrown [s\src\hotspot\share\interpreter\linkResolver.cpp, line 759]
Event: 7.873 Thread 0x0000022bf091e350 Exception <a 'java/lang/NoSuchMethodError'{0x00000000c4a87b20}: 'void java.lang.invoke.DirectMethodHandle$Holder.invokeStaticInit(java.lang.Object, java.lang.Object)'> (0x00000000c4a87b20) 
thrown [s\src\hotspot\share\interpreter\linkResolver.cpp, line 759]
Event: 7.877 Thread 0x0000022bf091e350 Exception <a 'java/lang/NoSuchMethodError'{0x00000000c4a9a760}: 'void java.lang.invoke.DirectMethodHandle$Holder.invokeStaticInit(java.lang.Object, java.lang.Object, java.lang.Object)'> (0x00000000c4a9a760) 
thrown [s\src\hotspot\share\interpreter\linkResolver.cpp, line 759]

VM Operations (20 events):
Event: 4.441 Executing VM operation: HandshakeAllThreads
Event: 4.442 Executing VM operation: HandshakeAllThreads done
Event: 4.443 Executing VM operation: Cleanup
Event: 4.459 Executing VM operation: Cleanup done
Event: 5.162 Executing VM operation: HandshakeAllThreads
Event: 5.162 Executing VM operation: HandshakeAllThreads done
Event: 5.215 Executing VM operation: G1CollectForAllocation
Event: 5.227 Executing VM operation: G1CollectForAllocation done
Event: 5.706 Executing VM operation: HandshakeAllThreads
Event: 5.706 Executing VM operation: HandshakeAllThreads done
Event: 6.071 Executing VM operation: HandshakeAllThreads
Event: 6.071 Executing VM operation: HandshakeAllThreads done
Event: 6.395 Executing VM operation: HandshakeAllThreads
Event: 6.395 Executing VM operation: HandshakeAllThreads done
Event: 6.395 Executing VM operation: Cleanup
Event: 6.395 Executing VM operation: Cleanup done
Event: 6.424 Executing VM operation: G1CollectForAllocation
Event: 6.431 Executing VM operation: G1CollectForAllocation done
Event: 7.445 Executing VM operation: Cleanup
Event: 7.445 Executing VM operation: Cleanup done

Events (20 events):
Event: 7.635 loading class java/util/stream/StreamSpliterators$AbstractWrappingSpliterator done
Event: 7.635 loading class java/util/stream/StreamSpliterators$WrappingSpliterator done
Event: 7.636 loading class java/util/stream/StreamSpliterators
Event: 7.636 loading class java/util/stream/StreamSpliterators done
Event: 7.636 loading class java/util/function/BooleanSupplier
Event: 7.637 loading class java/util/function/BooleanSupplier done
Event: 7.707 loading class java/net/URLClassLoader$2
Event: 7.707 loading class java/net/URLClassLoader$2 done
Event: 7.869 loading class java/util/function/IntUnaryOperator
Event: 7.869 loading class java/util/function/IntUnaryOperator done
Event: 7.870 loading class java/util/stream/IntPipeline$4
Event: 7.871 loading class java/util/stream/IntPipeline$4 done
Event: 7.872 loading class java/util/stream/ForEachOps$ForEachOp$OfInt
Event: 7.872 loading class java/util/stream/ForEachOps$ForEachOp$OfInt done
Event: 7.872 loading class java/util/stream/IntPipeline$4$1
Event: 7.872 loading class java/util/stream/IntPipeline$4$1 done
Event: 7.872 loading class java/util/RegularEnumSet$EnumSetIterator
Event: 7.872 loading class java/util/RegularEnumSet$EnumSetIterator done
Event: 7.885 loading class java/nio/file/attribute/PosixFilePermission
Event: 7.885 loading class java/nio/file/attribute/PosixFilePermission done


Dynamic libraries:
0x00007ff61c060000 - 0x00007ff61c06e000 	C:\Users\Prof. S P Sarmah\Downloads\sts-4.17.1.RELEASE\plugins\org.eclipse.justj.openjdk.hotspot.jre.full.win32.x86_64_17.0.5.v20221102-0933\jre\bin\javaw.exe
0x00007ff930db0000 - 0x00007ff930fa8000 	C:\Windows\SYSTEM32\ntdll.dll
0x00007ff92fec0000 - 0x00007ff92ff7f000 	C:\Windows\System32\KERNEL32.DLL
0x00007ff92e8f0000 - 0x00007ff92ebc2000 	C:\Windows\System32\KERNELBASE.dll
0x00007ff92e5a0000 - 0x00007ff92e6a0000 	C:\Windows\System32\ucrtbase.dll
0x00007ff92ad40000 - 0x00007ff92ad57000 	C:\Users\Prof. S P Sarmah\Downloads\sts-4.17.1.RELEASE\plugins\org.eclipse.justj.openjdk.hotspot.jre.full.win32.x86_64_17.0.5.v20221102-0933\jre\bin\jli.dll
0x00007ff92fcf0000 - 0x00007ff92fe91000 	C:\Windows\System32\USER32.dll
0x00007ff92ebd0000 - 0x00007ff92ebf2000 	C:\Windows\System32\win32u.dll
0x00007ff930d10000 - 0x00007ff930d3b000 	C:\Windows\System32\GDI32.dll
0x00007ff92ecb0000 - 0x00007ff92edbf000 	C:\Windows\System32\gdi32full.dll
0x00007ff92e850000 - 0x00007ff92e8ed000 	C:\Windows\System32\msvcp_win.dll
0x00007ff92ad60000 - 0x00007ff92ad79000 	C:\Users\Prof. S P Sarmah\Downloads\sts-4.17.1.RELEASE\plugins\org.eclipse.justj.openjdk.hotspot.jre.full.win32.x86_64_17.0.5.v20221102-0933\jre\bin\VCRUNTIME140.dll
0x00007ff916a70000 - 0x00007ff916d0a000 	C:\Windows\WinSxS\amd64_microsoft.windows.common-controls_6595b64144ccf1df_6.0.19041.1110_none_60b5254171f9507e\COMCTL32.dll
0x00007ff9303d0000 - 0x00007ff93046e000 	C:\Windows\System32\msvcrt.dll
0x00007ff9302e0000 - 0x00007ff930312000 	C:\Windows\System32\IMM32.DLL
0x00007ff92ad30000 - 0x00007ff92ad3c000 	C:\Users\Prof. S P Sarmah\Downloads\sts-4.17.1.RELEASE\plugins\org.eclipse.justj.openjdk.hotspot.jre.full.win32.x86_64_17.0.5.v20221102-0933\jre\bin\vcruntime140_1.dll
0x00007ff919490000 - 0x00007ff919521000 	C:\Users\Prof. S P Sarmah\Downloads\sts-4.17.1.RELEASE\plugins\org.eclipse.justj.openjdk.hotspot.jre.full.win32.x86_64_17.0.5.v20221102-0933\jre\bin\msvcp140.dll
0x00007ff8f10b0000 - 0x00007ff8f1cf4000 	C:\Users\Prof. S P Sarmah\Downloads\sts-4.17.1.RELEASE\plugins\org.eclipse.justj.openjdk.hotspot.jre.full.win32.x86_64_17.0.5.v20221102-0933\jre\bin\server\jvm.dll
0x00007ff930320000 - 0x00007ff9303ce000 	C:\Windows\System32\ADVAPI32.dll
0x00007ff92fff0000 - 0x00007ff93008c000 	C:\Windows\System32\sechost.dll
0x00007ff9304f0000 - 0x00007ff930615000 	C:\Windows\System32\RPCRT4.dll
0x00007ff928830000 - 0x00007ff928839000 	C:\Windows\SYSTEM32\WSOCK32.dll
0x00007ff930480000 - 0x00007ff9304eb000 	C:\Windows\System32\WS2_32.dll
0x00007ff928330000 - 0x00007ff928357000 	C:\Windows\SYSTEM32\WINMM.dll
0x00007ff924e20000 - 0x00007ff924e2a000 	C:\Windows\SYSTEM32\VERSION.dll
0x00007ff92c330000 - 0x00007ff92c342000 	C:\Windows\SYSTEM32\kernel.appcore.dll
0x00007ff92aa20000 - 0x00007ff92aa2a000 	C:\Users\Prof. S P Sarmah\Downloads\sts-4.17.1.RELEASE\plugins\org.eclipse.justj.openjdk.hotspot.jre.full.win32.x86_64_17.0.5.v20221102-0933\jre\bin\jimage.dll
0x00007ff926c60000 - 0x00007ff926e44000 	C:\Windows\SYSTEM32\DBGHELP.DLL
0x00007ff926c20000 - 0x00007ff926c55000 	C:\Windows\SYSTEM32\dbgcore.DLL
0x00007ff92e470000 - 0x00007ff92e4f2000 	C:\Windows\System32\bcryptPrimitives.dll
0x00007ff9192f0000 - 0x00007ff919315000 	C:\Users\Prof. S P Sarmah\Downloads\sts-4.17.1.RELEASE\plugins\org.eclipse.justj.openjdk.hotspot.jre.full.win32.x86_64_17.0.5.v20221102-0933\jre\bin\java.dll
0x00007ff928940000 - 0x00007ff928958000 	C:\Users\Prof. S P Sarmah\Downloads\sts-4.17.1.RELEASE\plugins\org.eclipse.justj.openjdk.hotspot.jre.full.win32.x86_64_17.0.5.v20221102-0933\jre\bin\zip.dll
0x00007ff92f460000 - 0x00007ff92fba4000 	C:\Windows\System32\SHELL32.dll
0x00007ff92c530000 - 0x00007ff92ccc2000 	C:\Windows\SYSTEM32\windows.storage.dll
0x00007ff930860000 - 0x00007ff930bb5000 	C:\Windows\System32\combase.dll
0x00007ff92ded0000 - 0x00007ff92df00000 	C:\Windows\SYSTEM32\Wldp.dll
0x00007ff9300a0000 - 0x00007ff93014d000 	C:\Windows\System32\SHCORE.dll
0x00007ff92f230000 - 0x00007ff92f285000 	C:\Windows\System32\shlwapi.dll
0x00007ff92e3b0000 - 0x00007ff92e3cf000 	C:\Windows\SYSTEM32\profapi.dll
0x00007ff922c20000 - 0x00007ff922c39000 	C:\Users\Prof. S P Sarmah\Downloads\sts-4.17.1.RELEASE\plugins\org.eclipse.justj.openjdk.hotspot.jre.full.win32.x86_64_17.0.5.v20221102-0933\jre\bin\net.dll
0x00007ff926610000 - 0x00007ff92671c000 	C:\Windows\SYSTEM32\WINHTTP.dll
0x00007ff92dc30000 - 0x00007ff92dc9a000 	C:\Windows\system32\mswsock.dll
0x00007ff919f30000 - 0x00007ff919f45000 	C:\Users\Prof. S P Sarmah\Downloads\sts-4.17.1.RELEASE\plugins\org.eclipse.justj.openjdk.hotspot.jre.full.win32.x86_64_17.0.5.v20221102-0933\jre\bin\nio.dll
0x00007ff92ad20000 - 0x00007ff92ad29000 	C:\Users\Prof. S P Sarmah\Downloads\sts-4.17.1.RELEASE\plugins\org.eclipse.justj.openjdk.hotspot.jre.full.win32.x86_64_17.0.5.v20221102-0933\jre\bin\management.dll
0x00007ff92ad10000 - 0x00007ff92ad1b000 	C:\Users\Prof. S P Sarmah\Downloads\sts-4.17.1.RELEASE\plugins\org.eclipse.justj.openjdk.hotspot.jre.full.win32.x86_64_17.0.5.v20221102-0933\jre\bin\management_ext.dll
0x00007ff930470000 - 0x00007ff930478000 	C:\Windows\System32\PSAPI.DLL
0x00007ff91cf40000 - 0x00007ff91cf57000 	C:\Windows\system32\napinsp.dll
0x00007ff91cf20000 - 0x00007ff91cf3b000 	C:\Windows\system32\pnrpnsp.dll
0x00007ff91cf00000 - 0x00007ff91cf15000 	C:\Windows\system32\wshbth.dll
0x00007ff929c40000 - 0x00007ff929c5d000 	C:\Windows\system32\NLAapi.dll
0x00007ff92d8d0000 - 0x00007ff92d90b000 	C:\Windows\SYSTEM32\IPHLPAPI.DLL
0x00007ff92d910000 - 0x00007ff92d9da000 	C:\Windows\SYSTEM32\DNSAPI.dll
0x00007ff92ff80000 - 0x00007ff92ff88000 	C:\Windows\System32\NSI.dll
0x00007ff91cec0000 - 0x00007ff91ced2000 	C:\Windows\System32\winrnr.dll
0x00007ff924410000 - 0x00007ff92441a000 	C:\Windows\System32\rasadhlp.dll
0x00007ff924430000 - 0x00007ff9244b0000 	C:\Windows\System32\fwpuclnt.dll
0x00007ff92e570000 - 0x00007ff92e597000 	C:\Windows\System32\bcrypt.dll
0x00007ff92de20000 - 0x00007ff92de38000 	C:\Windows\SYSTEM32\CRYPTSP.dll
0x00007ff92d4e0000 - 0x00007ff92d514000 	C:\Windows\system32\rsaenh.dll
0x00007ff92e330000 - 0x00007ff92e35e000 	C:\Windows\SYSTEM32\USERENV.dll
0x00007ff92de40000 - 0x00007ff92de4c000 	C:\Windows\SYSTEM32\CRYPTBASE.dll
0x00007ff926ed0000 - 0x00007ff926ee7000 	C:\Windows\SYSTEM32\dhcpcsvc6.DLL
0x00007ff927700000 - 0x00007ff92771d000 	C:\Windows\SYSTEM32\dhcpcsvc.DLL
0x00007ff92aed0000 - 0x00007ff92aee0000 	C:\Users\Prof. S P Sarmah\Downloads\sts-4.17.1.RELEASE\plugins\org.eclipse.justj.openjdk.hotspot.jre.full.win32.x86_64_17.0.5.v20221102-0933\jre\bin\verify.dll

dbghelp: loaded successfully - version: 4.0.5 - missing functions: none
symbol engine: initialized successfully - sym options: 0x614 - pdb path: .;C:\Users\Prof. S P Sarmah\Downloads\sts-4.17.1.RELEASE\plugins\org.eclipse.justj.openjdk.hotspot.jre.full.win32.x86_64_17.0.5.v20221102-0933\jre\bin;C:\Windows\SYSTEM32;C:\Windows\WinSxS\amd64_microsoft.windows.common-controls_6595b64144ccf1df_6.0.19041.1110_none_60b5254171f9507e;C:\Users\Prof. S P Sarmah\Downloads\sts-4.17.1.RELEASE\plugins\org.eclipse.justj.openjdk.hotspot.jre.full.win32.x86_64_17.0.5.v20221102-0933\jre\bin\server

VM Arguments:
jvm_args: -Dcom.sun.management.jmxremote -Dcom.sun.management.jmxremote.port=65400 -Dcom.sun.management.jmxremote.authenticate=false -Dcom.sun.management.jmxremote.ssl=false -Djava.rmi.server.hostname=localhost -Dspring.jmx.enabled=true -Dmanagement.endpoints.jmx.exposure.include=* -Dspring.application.admin.enabled=true -XX:TieredStopAtLevel=1 -Dspring.boot.project.name=customer -Dfile.encoding=UTF-8 -XX:+ShowCodeDetailsInExceptionMessages 
java_command: com.recharge.customer.CustomerApplication --spring.output.ansi.enabled=always
java_class_path (initial): E:\POC\customer\target\classes;C:\Users\Prof. S P Sarmah\.m2\repository\org\springframework\boot\spring-boot-starter-data-jpa\2.4.5\spring-boot-starter-data-jpa-2.4.5.jar;C:\Users\Prof. S P Sarmah\.m2\repository\org\springframework\boot\spring-boot-starter-aop\2.4.5\spring-boot-starter-aop-2.4.5.jar;C:\Users\Prof. S P Sarmah\.m2\repository\org\springframework\spring-aop\5.3.6\spring-aop-5.3.6.jar;C:\Users\Prof. S P Sarmah\.m2\repository\org\aspectj\aspectjweaver\1.9.6\aspectjweaver-1.9.6.jar;C:\Users\Prof. S P Sarmah\.m2\repository\org\springframework\boot\spring-boot-starter-jdbc\2.4.5\spring-boot-starter-jdbc-2.4.5.jar;C:\Users\Prof. S P Sarmah\.m2\repository\com\zaxxer\HikariCP\3.4.5\HikariCP-3.4.5.jar;C:\Users\Prof. S P Sarmah\.m2\repository\org\springframework\spring-jdbc\5.3.6\spring-jdbc-5.3.6.jar;C:\Users\Prof. S P Sarmah\.m2\repository\jakarta\transaction\jakarta.transaction-api\1.3.3\jakarta.transaction-api-1.3.3.jar;C:\Users\Prof. S P Sarmah\.m2\repository\jakarta\persistence\jakarta.persistence-api\2.2.3\jakarta.persistence-api-2.2.3.jar;C:\Users\Prof. S P Sarmah\.m2\repository\org\hibernate\hibernate-core\5.4.30.Final\hibernate-core-5.4.30.Final.jar;C:\Users\Prof. S P Sarmah\.m2\repository\org\jboss\logging\jboss-logging\3.4.1.Final\jboss-logging-3.4.1.Final.jar;C:\Users\Prof. S P Sarmah\.m2\repository\org\javassist\javassist\3.27.0-GA\javassist-3.27.0-GA.jar;C:\Users\Prof. S P Sarmah\.m2\repository\net\bytebuddy\byte-buddy\1.10.22\byte-buddy-1.10.22.jar;C:\Users\Prof. S P Sarmah\.m2\repository\antlr\antlr\2.7.7\antlr-2.7.7.jar;C:\Users\Prof. S P Sarmah\.m2\repository\org\jboss\jandex\2.2.3.Final\jandex-2.2.3.Final.jar;C:\Users\Prof. S P Sarmah\.m2\repository\com\fasterxml\classmate\1.5.1\classmate-1.5.1.jar;C:\Users\Prof. S P Sarmah\.m2\repository\org\dom4j\dom4j\2.1.3\dom4j-2.1.3.jar;C:\Users\Prof. S P Sarmah\.m2\repository\org\hibernate\common\hibernate-commons-annotations\5.1.2.Final\hibernate-commons-annotations-5.1.2.F
Launcher Type: SUN_STANDARD

[Global flags]
     intx CICompilerCount                          = 3                                         {product} {ergonomic}
     uint ConcGCThreads                            = 1                                         {product} {ergonomic}
     uint G1ConcRefinementThreads                  = 4                                         {product} {ergonomic}
   size_t G1HeapRegionSize                         = 1048576                                   {product} {ergonomic}
    uintx GCDrainStackTargetSize                   = 64                                        {product} {ergonomic}
   size_t InitialHeapSize                          = 67108864                                  {product} {ergonomic}
     bool ManagementServer                         = true                                      {product} {command line}
   size_t MarkStackSize                            = 4194304                                   {product} {ergonomic}
   size_t MaxHeapSize                              = 1052770304                                {product} {ergonomic}
   size_t MaxNewSize                               = 631242752                                 {product} {ergonomic}
   size_t MinHeapDeltaBytes                        = 1048576                                   {product} {ergonomic}
   size_t MinHeapSize                              = 8388608                                   {product} {ergonomic}
    uintx NonProfiledCodeHeapSize                  = 0                                      {pd product} {ergonomic}
     bool ProfileInterpreter                       = false                                  {pd product} {command line}
    uintx ProfiledCodeHeapSize                     = 0                                      {pd product} {ergonomic}
     bool ShowCodeDetailsInExceptionMessages       = true                                   {manageable} {command line}
   size_t SoftMaxHeapSize                          = 1052770304                             {manageable} {ergonomic}
     intx TieredStopAtLevel                        = 1                                         {product} {command line}
     bool UseCompressedClassPointers               = true                           {product lp64_product} {ergonomic}
     bool UseCompressedOops                        = true                           {product lp64_product} {ergonomic}
     bool UseG1GC                                  = true                                      {product} {ergonomic}
     bool UseLargePagesIndividualAllocation        = false                                  {pd product} {ergonomic}

Logging:
Log output configuration:
 #0: stdout all=warning uptime,level,tags
 #1: stderr all=off uptime,level,tags

Environment Variables:
JAVA_HOME=C:\Program Files\Java\jdk-18.0.2\bin
PATH=C:/Users/Prof. S P Sarmah/Downloads/sts-4.17.1.RELEASE//plugins/org.eclipse.justj.openjdk.hotspot.jre.full.win32.x86_64_17.0.5.v20221102-0933/jre/bin/server;C:/Users/Prof. S P Sarmah/Downloads/sts-4.17.1.RELEASE//plugins/org.eclipse.justj.openjdk.hotspot.jre.full.win32.x86_64_17.0.5.v20221102-0933/jre/bin;C:\Program Files\Common Files\Oracle\Java\javapath;C:\Program Files (x86)\Common Files\Oracle\Java\javapath;C:\Windows\system32;C:\Windows;C:\Windows\System32\Wbem;C:\Windows\System32\WindowsPowerShell\v1.0\;C:\Windows\System32\OpenSSH\;C:\Program Files\nodejs\;C:\Program Files (x86)\Calibre2\;C:\Program Files\Git\cmd;%Java_Home%\bin;C:\Program Files (x86)\dotnet\;C:\Program Files\MySQL\MySQL Shell 8.0\bin\;C:\Users\Prof. S P Sarmah\AppData\Local\Microsoft\WindowsApps;;C:\Users\Prof. S P Sarmah\AppData\Local\Programs\Microsoft VS Code\bin;C:\Users\Prof. S P Sarmah\AppData\Roaming\npm;C:\Program Files\JetBrains\IntelliJ IDEA 2022.2\bin;;E:\SpringBoot Course\Installations\IntelliJ IDEA Community Edition 2022.2.1\bin;;C:\Users\Prof. S P Sarmah\Downloads\sts-4.17.1.RELEASE;
USERNAME=Prof. S P Sarmah
OS=Windows_NT
PROCESSOR_IDENTIFIER=Intel64 Family 6 Model 61 Stepping 4, GenuineIntel
TMP=C:\Users\PROF~1.SPS\AppData\Local\Temp
TEMP=C:\Users\PROF~1.SPS\AppData\Local\Temp



---------------  S Y S T E M  ---------------

OS:
 Windows 10 , 64 bit Build 19041 (10.0.19041.2364)
OS uptime: 23 days 16:16 hours

CPU: total 4 (initial active 4) (2 cores per cpu, 2 threads per core) family 6 model 61 stepping 4 microcode 0x2d, cx8, cmov, fxsr, ht, mmx, 3dnowpref, sse, sse2, sse3, ssse3, sse4.1, sse4.2, popcnt, lzcnt, tsc, tscinvbit, avx, avx2, aes, erms, clmul, bmi1, bmi2, adx, fma, vzeroupper, clflush

Memory: 4k page, system-wide physical 4010M (143M free)
TotalPageFile size 16298M (AvailPageFile size 0M)
current process WorkingSet (physical memory assigned to process): 92M, peak: 92M
current process commit charge ("private bytes"): 154M, peak: 154M

vm_info: OpenJDK 64-Bit Server VM (17.0.5+8) for windows-amd64 JRE (17.0.5+8), built on Oct 19 2022 04:48:13 by "temurin" with MS VC++ 16.7 (VS2019)

END.
